<?xml version="1.0" encoding="UTF-8"?>
<!-- Generated by org.testng.reporters.JUnitXMLReporter -->
<testsuite hostname="W00000PC149FMZ" ignored="2" name="Default test" tests="1" failures="0" timestamp="2020-04-25T19:27:15 IST" time="64.78" errors="0">
  <testcase name="verifyHomePageTest" time="64.615" classname="com.amazon.tests.TestAmazonFlow"/>
  <testcase name="@BeforeSuite setUp" time="0.0" classname="com.amazon.tests.BaseTestClass">
    <ignored/>
  </testcase> <!-- @BeforeSuite setUp -->
  <testcase name="@AfterSuite tearDown" time="0.0" classname="com.amazon.tests.BaseTestClass">
    <ignored/>
  </testcase> <!-- @AfterSuite tearDown -->
</testsuite> <!-- Default test -->
