<?xml version="1.0" encoding="UTF-8"?>
<testng-results skipped="0" failed="0" ignored="2" total="3" passed="1">
  <reporter-output>
  </reporter-output>
  <suite name="Default suite" duration-ms="64780" started-at="2020-04-25T19:26:10 IST" finished-at="2020-04-25T19:27:15 IST">
    <groups>
    </groups>
    <test name="Default test" duration-ms="64780" started-at="2020-04-25T19:26:10 IST" finished-at="2020-04-25T19:27:15 IST">
      <class name="com.amazon.tests.TestAmazonFlow">
        <test-method status="PASS" signature="setUp()[pri:0, instance:com.amazon.tests.TestAmazonFlow@28ac3dc3]" name="setUp" is-config="true" duration-ms="44416" started-at="2020-04-25T19:25:25 IST" finished-at="2020-04-25T19:26:10 IST">
          <reporter-output>
          </reporter-output>
        </test-method> <!-- setUp -->
        <test-method status="PASS" signature="verifyHomePageTest()[pri:1, instance:com.amazon.tests.TestAmazonFlow@28ac3dc3]" name="verifyHomePageTest" duration-ms="64615" started-at="2020-04-25T19:26:10 IST" finished-at="2020-04-25T19:27:15 IST">
          <reporter-output>
          </reporter-output>
        </test-method> <!-- verifyHomePageTest -->
        <test-method status="PASS" signature="tearDown()[pri:0, instance:com.amazon.tests.TestAmazonFlow@28ac3dc3]" name="tearDown" is-config="true" duration-ms="0" started-at="2020-04-25T19:27:15 IST" finished-at="2020-04-25T19:27:15 IST">
          <reporter-output>
          </reporter-output>
        </test-method> <!-- tearDown -->
      </class> <!-- com.amazon.tests.TestAmazonFlow -->
    </test> <!-- Default test -->
  </suite> <!-- Default suite -->
</testng-results>
